248
5 86
13 17
18 73
52 79
54 79
4 16
8 90
66 87
5 96
5 96
1 9
17 31
31 86
30 60
69 85
53 91
13 72
17 58
31 86
5 18
5 18
19 96
20 31
53 91
96 97
20 31
16 93
62 99
65 89
29 49
5 18
38 87
1 53
49 91
24 52
24 52
30 60
42 95
6 95
48 73
62 99
16 93
1 3
36 64
17 73
12 27
28 83
4 97
4 15
30 90
2 41
28 41
13 60
88 98
37 92
29 69
28 83
2 41
38 40
27 90
12 27
1 3
31 86
40 47
74 95
74 95
42 61
25 72
30 89
30 89
38 95
6 8
12 64
23 32
88 98
33 89
19 80
1 53
26 74
38 40
8 13
24 66
66 93
42 61
49 91
0 56
74 95
0 56
29 49
6 95
4 15
8 13
38 40
23 98
12 54
4 15
36 85
25 72
23 46
42 48
7 50
24 62
3 13
80 92
24 66
2 5
47 79
26 28
36 85
29 49
12 54
25 96
1 3
2 5
25 72
24 62
57 72
7 50
38 95
12 54
73 74
38 95
2 5
73 74
36 85
69 98
42 48
66 93
24 66
29 39
36 85
63 92
23 46
23 46
3 13
5 21
8 13
24 62
10 22
66 93
36 85
24 62
21 51
30 89
3 13
39 43
25 96
80 92
3 13
3 13
6 95
66 93
83 94
15 63
28 41
51 78
48 79
25 67
49 85
69 98
51 78
44 81
15 56
2 5
48 79
83 94
29 65
1 22
44 81
5 21
1 22
50 91
9 41
22 81
63 92
15 63
50 91
39 43
29 65
64 94
64 94
15 56
83 94
15 56
38 84
64 94
15 56
38 84
38 84
29 65
11 73
38 84
68 71
11 73
10 71
10 71
11 73
11 73
10 71
11 73
11 73
11 73
20 68
68 71
15 63
46 82
15 63
11 73
46 82
64 94
15 56
64 94
15 56
15 63
38 84
50 91
50 91
49 91
63 92
38 84
11 73
29 65
20 68
68 71
38 84
9 68
68 71
65 89
8 90
38 84
29 39
9 27
46 60
38 84
52 86
29 39
46 82
51 61
51 61
44 87
30 90
0 46
73 74
67 76
25 72
23 32
53 91
5 21
4 4 0 111 5 7 144
13 4 1 161 87 197 356 54
5 4 1 305 220 133 39 18
9 4 1 322 219 202 239 18
15 4 1 59 272 310 87 64
4 5 2 352 256 354 250 161 83 28
17 5 3 365 113 432 332 102 83 60 46
16 7 3 385 243 330 21 255 435 377 36 69 29
4 6 3 380 68 54 194 329 345 64 69 29
1 5 3 262 200 183 92 438 5 21 51
17 3 1 18 1 60 17
0 2 1 4 170 20
8 5 3 212 11 335 342 81 5 21 51
13 5 2 222 165 39 121 142 20 48
13 5 2 211 217 85 156 73 17 59
6 6 2 218 434 124 167 326 266 86 48
11 5 1 185 177 53 162 437 29
16 4 3 288 86 189 405 29 88 46
18 5 3 358 296 33 27 408 85 60 46
10 6 5 309 255 325 195 199 436 29 69 98 23 46
0 3 2 229 41 71 29 46
4 3 0 148 44 223
8 6 4 242 344 74 350 17 384 3 13 95 38
8 5 1 210 182 134 258 89 38
6 6 5 277 84 361 173 231 387 53 81 44 87 38
17 6 2 127 372 42 131 292 388 33 40
14 7 4 20 58 166 37 163 158 391 22 10 47 38
5 4 1 108 101 191 207 87
13 5 4 113 99 192 241 282 83 28 16 93
1 4 2 27 176 186 304 46 24
11 5 3 33 196 227 341 328 36 62 24
11 4 2 106 154 173 40 45 44
2 7 5 432 169 187 295 205 226 327 46 19 4 16 93
18 6 3 252 123 104 240 301 281 88 62 24
13 5 3 26 249 174 149 49 90 27 24
5 12 7 213 268 64 42 111 62 175 224 247 91 95 351 89 33 5 97 4 16 93
16 4 1 83 150 134 149 40
4 5 3 355 188 191 207 281 78 87 66
2 5 1 360 103 37 203 45 78
14 5 2 342 369 200 171 234 21 86
1 5 2 81 60 196 240 337 36 62
5 5 1 92 183 363 61 186 21
13 6 2 201 74 350 237 266 438 13 95
17 4 2 135 96 170 437 14 20
2 4 2 217 50 69 355 76 78
15 4 2 15 90 150 83 58 40
14 3 0 1 60 81
19 5 2 29 202 230 183 92 5 21
14 5 2 18 185 177 53 162 31 29
5 5 3 211 262 11 369 342 31 5 21
18 4 1 244 133 159 360 78
3 4 3 65 216 188 138 13 72 78
5 6 3 251 192 226 282 40 439 16 93 66
1 3 0 110 3 2
18 5 1 122 210 367 373 164 81
8 5 1 372 127 370 117 361 81
2 5 3 354 246 113 106 154 28 83 45
6 6 4 5 256 55 411 68 368 28 83 94 64
1 5 3 42 131 292 34 173 33 40 87
0 5 2 330 60 97 125 446 61 57
3 3 1 358 35 223 49
9 3 1 115 417 215 49
3 6 1 296 243 68 373 370 139 1
3 4 2 340 196 44 107 36 99
8 3 0 214 54 84
13 7 2 308 114 272 260 182 127 277 9 1
1 7 5 21 194 41 441 28 43 168 69 29 46 0 56
5 6 3 153 33 252 334 242 232 13 3 1
18 6 4 433 292 150 273 298 432 40 32 23 46
11 5 2 387 270 238 74 252 38 6
9 5 4 388 34 173 154 106 38 87 44 45
3 5 3 391 321 172 189 27 38 88 46
14 6 3 414 258 131 275 268 236 40 33 89
1 6 3 419 279 134 174 32 213 40 27 90
8 8 4 429 158 90 109 82 259 249 26 40 58 27 90
18 6 5 424 17 152 126 246 113 38 95 7 28 83
6 4 3 89 318 130 33 38 95 36
15 5 2 384 231 191 216 108 38 72
2 7 4 435 53 162 342 335 200 434 55 51 21 86
16 7 3 430 229 35 44 67 337 234 29 49 62
3 3 1 329 177 171 86
2 4 2 345 87 204 124 54 79
14 5 2 198 86 88 197 203 54 79
6 7 3 377 102 23 150 134 149 45 23 32 27
17 5 0 80 161 61 186 235
8 5 3 323 278 7 99 57 74 26 83
6 5 4 77 274 104 44 416 98 88 99 91
5 4 1 54 84 215 415 91
14 4 3 255 136 35 79 29 49 91
15 4 3 214 358 284 371 85 49 91
5 4 1 194 53 140 317 55
10 4 3 21 115 233 376 85 49 91
4 5 3 359 129 172 152 300 98 95 7
13 5 3 325 253 88 179 66 98 54 7
18 6 1 326 239 29 217 85 116 73
14 4 1 266 73 156 254 59
19 7 3 142 97 316 51 160 276 30 72 67 19
13 6 3 283 60 196 148 375 374 36 15 63
5 6 3 237 172 189 169 14 303 95 88 46
9 7 3 121 356 204 87 78 105 347 79 54 35
17 9 6 56 321 279 90 128 22 63 353 9 95 40 58 97 15 63
9 8 4 299 144 7 192 91 295 406 418 26 16 15 63
14 4 2 192 246 113 108 28 83
19 5 4 91 22 128 15 201 4 97 58 17
16 5 3 241 118 207 191 216 93 66 72
7 6 3 205 247 151 112 314 101 4 96 72
17 7 6 95 282 328 149 174 206 280 93 66 24 27 90 8
19 7 5 226 339 304 337 67 104 123 93 66 24 99 88
2 1 0 300
7 4 3 145 190 125 416 18 57 91
16 1 0 317
8 1 0 66
4 6 4 179 88 86 136 284 376 88 29 49 91
0 5 3 140 53 309 233 79 29 49 91
1 4 1 70 307 251 250 26
1 4 1 323 133 219 313 5
18 5 1 153 60 170 132 431 61
19 5 2 340 196 240 341 149 36 62
1 4 0 308 243 272 137
6 4 0 296 114 193 260
7 5 2 21 54 368 2 82 81 44
5 5 2 214 255 41 146 182 69 29
12 5 2 324 130 318 279 134 36 95
3 5 2 330 33 236 249 174 60 90
4 5 4 115 309 177 38 259 49 29 86 90
12 7 4 358 417 79 66 179 47 245 49 91 7 54
2 4 2 165 320 264 172 74 95
9 3 1 132 146 189 46
5 4 2 225 212 177 86 31 29
16 2 1 131 42 33
14 3 0 134 431 122
3 4 1 90 109 3 110 58
6 5 2 263 0 144 307 251 47 48
1 5 1 150 24 220 62 111 18
13 6 3 292 17 286 278 7 5 95 74 26
9 6 2 163 103 159 230 313 257 47 5
16 8 3 279 231 439 164 117 20 210 372 87 44 1
14 6 4 253 293 23 150 279 424 98 23 32 38
8 5 3 88 179 152 318 433 7 95 38
16 5 2 123 74 181 270 419 6 38
12 3 1 172 321 414 38
11 7 5 129 77 54 361 439 231 429 98 69 44 87 38
0 7 5 86 255 214 340 130 17 89 29 69 36 95 38
8 7 5 104 67 301 304 207 34 387 62 24 66 87 38
0 5 3 437 342 369 200 171 51 21 86
0 4 0 266 326 167 203
16 4 3 170 222 212 434 20 31 86
15 4 0 283 121 356 124
15 5 3 428 38 177 41 199 90 86 46
1 4 1 291 123 274 293 98
12 4 1 336 252 27 298 46
17 5 2 271 289 172 129 195 95 98
0 5 2 206 259 182 146 332 90 46
2 5 3 147 174 134 150 273 90 27 32
7 6 4 280 216 188 138 83 23 72 78 51 32
3 6 3 119 101 51 141 169 333 72 19 46
5 6 3 93 238 152 179 87 102 95 7 43
6 5 3 168 139 20 338 166 53 22 10
5 4 1 148 104 88 204 54
19 5 2 362 28 186 235 124 56 0
2 6 3 290 22 128 90 163 306 97 58 40
8 6 2 295 91 192 307 144 364 16 26
1 7 3 187 178 156 73 142 299 167 19 59 42
3 7 3 63 205 241 118 328 45 203 16 93 66
12 6 3 383 285 61 161 87 197 56 2 54
11 5 3 337 186 176 41 389 0 46 29
5 8 4 341 45 203 37 263 131 275 427 47 40 33 89
7 8 4 76 235 124 197 179 140 53 421 79 54 7 29
15 4 1 227 104 86 366 88
9 6 3 67 196 33 26 180 228 36 30 89
14 5 2 240 44 233 229 378 49 29
5 6 4 315 149 174 32 343 184 27 90 30 89
19 5 2 301 234 171 177 98 52 29
15 3 1 14 169 189 46
6 4 1 105 78 87 88 35
10 7 3 30 254 156 73 142 56 172 59 42 95
14 5 2 303 331 404 148 104 63 99
12 7 4 276 160 443 50 217 65 123 19 58 17 13
13 9 6 347 418 406 362 285 441 333 293 274 63 56 0 46 23 98
8 4 2 145 24 150 279 18 40
6 2 1 152 17 95
16 5 3 126 307 278 265 318 26 74 95
17 5 1 179 310 260 134 158 54
3 7 4 66 415 446 84 361 439 34 91 81 44 87
10 6 3 140 162 438 283 237 321 55 42 95
17 7 5 300 416 35 115 340 130 270 91 49 85 36 95
8 6 2 317 371 125 157 191 231 91 87
12 5 3 102 333 176 287 381 46 0 56
3 4 2 161 61 28 386 0 56
0 4 3 78 105 276 187 35 80 19
3 4 1 87 88 104 148 99
8 6 2 80 430 136 417 215 168 29 49
16 5 3 289 321 34 40 339 38 87 66
0 5 3 238 270 231 207 327 38 87 66
15 6 5 93 147 259 149 304 351 8 90 27 24 66
7 5 4 350 152 126 192 226 95 7 28 16
18 7 5 181 130 196 67 76 49 282 95 36 62 24 66
5 7 5 271 206 38 171 234 328 118 8 90 86 24 66
10 8 6 74 348 155 277 168 248 91 95 13 3 1 53 4 16
13 3 1 90 150 83 40
3 3 1 50 69 355 78
3 4 1 217 1 60 437 36
4 4 1 85 156 73 438 59
12 5 2 15 29 133 159 360 73 78
8 5 2 128 151 208 183 92 96 21
8 1 0 18
15 1 0 211
7 3 2 135 96 225 14 20
12 5 3 201 119 206 38 262 8 90 86
17 3 1 244 165 4 20
10 5 1 29 133 143 200 212 5
2 6 3 65 348 312 210 132 222 13 3 20
19 7 4 217 90 263 306 203 434 185 58 40 52 86
1 8 4 15 50 443 100 346 209 11 218 67 25 96 5
18 3 1 361 68 272 64
18 3 0 2 82 137
16 3 2 145 179 310 7 54
16 5 2 202 48 3 82 260 73 70
10 4 1 346 19 191 207 72
1 5 3 224 247 205 226 327 4 16 93
0 5 3 151 22 91 241 351 4 16 93
2 7 3 221 178 85 109 2 439 40 58 70 44
15 5 2 175 11 171 45 49 5 24
13 5 2 208 200 434 235 328 5 24
8 5 2 209 363 61 186 281 5 24
13 3 1 4 218 177 31
13 3 0 132 146 41
12 4 1 170 437 162 53 51
19 6 4 96 135 1 324 358 288 14 17 85 49
10 3 1 161 87 197 54
0 4 0 61 186 235 124
8 5 1 322 220 133 239 356 18
12 4 1 313 11 171 203 86
1 5 1 305 230 159 103 306 78
12 5 0 257 251 307 144 364
10 5 2 250 42 131 163 37 33 40
14 5 1 62 143 202 39 167 18
3 5 3 363 219 145 179 204 18 7 54
7 6 3 111 122 425 423 395 166 68 71 10
4 3 1 51 157 125 57
13 4 1 141 187 168 107 15
18 7 4 357 19 316 190 145 300 376 25 57 18 50
18 7 4 6 69 355 162 140 317 371 78 51 55 50
3 3 2 13 130 237 36 95
2 3 0 243 60 283
11 5 2 193 319 204 364 299 54 48
13 3 2 18 1 130 17 36
5 4 2 222 165 16 264 20 74
19 4 2 211 244 320 286 17 74
0 4 1 335 143 202 8 73
4 4 1 369 219 133 390 73
2 6 2 183 62 257 110 48 396 75 73
9 5 3 342 81 170 165 393 51 20 73
0 6 4 92 138 103 0 239 397 51 78 47 48
16 4 3 403 402 4 185 68 20 31
18 6 3 423 422 165 202 220 11 68 20 18
3 6 2 426 425 122 257 322 200 68 2
18 6 4 394 58 117 54 194 177 10 22 69 29
8 5 2 392 46 132 225 262 68 31
1 6 3 395 52 106 26 249 38 10 45 90
10 8 6 398 338 20 261 334 201 18 218 10 22 3 13 17 31
17 4 3 120 75 222 212 68 20 31
1 4 2 94 166 203 171 10 52
19 4 2 441 61 313 208 2 5
0 2 0 169 221
10 5 3 298 445 24 219 175 23 32 5
10 1 0 176
2 1 0 441
16 4 1 199 102 161 61 43
17 4 2 277 107 233 358 53 49
19 4 0 370 373 54 214
1 4 2 232 215 417 115 53 49
19 5 0 367 117 68 114 308
1 5 2 312 72 252 33 324 3 60
17 3 1 51 141 187 19
17 7 5 314 357 160 276 303 418 375 25 67 19 92 63
10 8 4 418 347 14 160 51 157 125 417 80 19 67 57
17 8 5 406 248 205 192 126 317 371 284 4 16 28 50 91
2 7 5 404 43 287 176 189 86 136 56 0 46 88 29
11 8 4 413 381 285 61 161 345 329 229 56 2 39 29
11 4 1 375 148 44 233 99
18 4 1 353 168 215 35 15
7 5 3 31 187 169 41 288 15 19 29
5 7 3 374 116 156 73 60 330 358 59 36 85
11 7 3 9 254 85 15 1 153 115 58 36 85
1 7 4 331 303 105 78 377 198 309 80 35 43 29
9 4 1 240 104 123 108 88
3 4 2 341 186 176 432 0 46
10 3 1 227 196 33 36
19 5 2 115 284 125 157 19 49 72
7 5 2 340 60 97 316 267 61 72
0 5 1 308 33 252 216 314 13
16 5 2 324 1 65 101 297 17 13
0 6 4 21 194 177 11 209 112 69 29 5 96
14 5 1 392 46 372 111 61 68
8 4 2 120 425 146 176 68 46
10 5 2 94 166 203 234 186 10 24
9 7 4 394 338 367 232 168 412 287 10 22 53 56
4 5 3 100 6 50 90 263 67 58 40
19 3 1 267 188 103 78
0 5 2 297 191 34 258 163 87 40
18 4 2 441 189 88 47 46 88
18 3 0 186 149 245
1 4 0 61 161 87 319
14 4 1 176 146 182 137 27
6 8 5 285 43 63 205 192 126 179 294 56 16 28 7 54
2 6 3 28 362 148 196 13 193 56 36 64
16 6 2 287 412 168 84 68 272 56 64
1 2 1 233 358 49
16 2 1 284 115 49
11 4 3 35 309 194 21 49 29 69
2 4 3 417 229 255 214 49 29 69
11 4 2 130 13 68 84 36 81
15 4 2 152 300 376 223 7 91
2 6 3 350 93 119 344 242 277 13 3 1
0 5 3 289 74 302 155 232 13 3 1
7 4 2 172 104 44 107 88 99
3 5 2 56 142 97 125 215 61 57
12 6 3 181 271 291 334 312 139 13 3 1
12 7 4 270 158 90 128 247 248 168 40 58 97 15
11 4 2 200 218 211 201 31 17
12 4 2 175 311 267 216 96 72
11 4 3 11 38 428 280 86 90 8
4 4 1 220 190 316 101 57
2 6 2 143 133 16 36 289 74 74 6
9 6 2 305 250 122 127 155 302 9 3
0 6 2 313 257 372 210 261 349 9 3
15 5 2 230 145 179 88 123 7 88
15 4 1 219 202 244 65 17
3 4 2 403 46 146 41 68 46
3 6 3 120 422 170 438 162 53 68 20 51
8 5 1 116 85 15 244 16 73
18 4 3 42 131 263 0 33 40 47
6 3 2 110 48 39 75 73
12 4 0 122 132 165 239
5 3 0 5 307 144
13 5 3 251 126 152 56 326 7 95 42
12 6 4 354 7 70 265 237 121 26 74 95 42
19 7 2 257 363 369 342 438 283 299 21 51
6 6 1 372 431 245 310 197 364 54
15 4 1 162 81 170 132 61
10 3 0 53 41 146
12 4 2 140 126 5 372 7 41
6 1 0 354
19 5 3 222 165 323 36 172 20 74 95
3 3 2 211 201 123 17 13
12 3 1 212 177 86 29
6 4 1 4 132 146 189 46
4 4 3 18 1 196 104 17 36 99
17 7 4 185 11 219 24 23 293 274 5 32 23 98
19 7 5 225 170 81 83 273 195 253 20 51 32 23 98
16 5 3 218 171 124 197 88 86 79 54
18 10 8 440 147 271 238 318 231 207 327 95 192 90 8 95 38 87 66 93 16
4 3 1 213 113 246 83
16 5 2 32 259 182 122 354 90 41
8 4 2 268 64 42 5 89 33
4 5 2 249 174 431 372 251 90 41
0 7 4 26 106 25 68 409 382 99 45 64 94 83
9 6 4 269 427 366 53 140 126 89 65 55 7
12 6 3 236 33 243 379 55 256 64 94 83
9 8 6 343 275 131 292 270 36 278 307 89 33 40 95 74 26
6 8 6 180 184 378 86 172 264 70 7 89 65 88 95 74 26
10 3 1 137 174 147 90
18 3 1 260 259 428 90
19 5 3 193 13 130 238 271 64 36 95
2 4 0 47 88 123 291
11 5 3 294 179 152 289 93 54 7 95
2 5 1 272 114 33 108 336 36
1 3 1 99 113 236 83
1 6 4 126 140 53 98 228 268 7 29 65 89
7 5 2 185 18 217 85 254 31 17
4 5 2 200 209 12 276 347 5 19
7 5 2 11 175 221 14 30 5 19
9 5 2 177 41 169 178 116 46 19
4 7 3 171 234 186 285 362 353 331 0 56 63
7 7 5 212 211 1 196 148 375 374 31 17 36 15 63
19 8 4 38 259 245 294 87 78 105 303 90 12 43 35
3 8 6 262 225 132 210 277 168 31 9 31 9 1 53 15 63
14 3 1 74 101 316 72
6 2 0 324 1
4 4 1 308 33 252 201 13
14 5 3 296 130 286 442 29 36 95 73
8 5 3 21 325 253 123 65 69 98 13
14 1 0 447
15 1 0 335
17 1 0 369
3 4 2 92 360 159 220 51 18
12 1 0 183
4 4 2 342 83 24 143 51 32
9 8 4 444 191 207 281 235 434 218 211 66 52 86 31
6 3 1 267 101 201 13
18 3 1 314 216 65 13
10 4 2 311 224 128 217 97 58
6 4 1 357 6 50 15 67
8 6 4 100 141 169 432 33 1 67 46 60 36
13 6 4 297 316 97 170 96 135 57 61 20 14
15 5 2 112 209 143 133 29 96 18
18 5 3 346 208 200 262 18 96 5 31
11 5 1 19 188 159 202 244 18
0 4 1 310 88 172 265 95
1 4 3 294 179 152 264 54 7 95
9 4 2 193 114 130 286 36 95
0 5 2 319 204 356 39 16 54 48
17 5 3 47 197 167 144 278 54 48 26
14 5 2 260 82 3 48 320 75 73
4 5 1 137 134 258 318 36 95
11 6 4 272 379 352 256 7 70 64 94 83 26
7 5 0 245 431 132 165 323
18 8 4 386 63 247 128 15 1 13 385 97 58 36 64
17 5 1 381 168 84 68 380 64
18 8 3 383 187 169 146 372 354 99 382 19 28 83
16 9 3 410 353 331 254 156 73 60 114 409 63 59 64
12 10 4 412 404 9 116 85 109 82 260 193 411 63 58 27 64
9 6 3 28 186 149 245 272 379 0 12 64
16 6 3 43 248 205 192 256 55 16 28 83
15 6 3 287 61 250 251 246 365 2 28 83
9 5 4 285 176 27 113 352 0 46 60 83
6 5 1 362 148 196 243 59 36
13 5 3 373 54 255 98 228 69 29 65
3 5 3 338 52 106 213 268 10 45 30
2 5 2 367 127 122 42 275 41 33
15 6 2 370 312 72 252 236 269 3 30
14 7 3 117 84 107 284 288 366 184 49 29 65
3 6 2 20 242 302 108 26 180 3 30
3 6 4 58 166 306 263 131 64 10 47 40 33
10 4 3 180 427 98 136 89 65 29
15 4 3 343 228 378 288 89 65 29
8 4 3 269 184 389 309 89 65 29
13 5 1 236 252 123 86 229 29
14 4 2 213 33 330 358 36 85
8 7 4 400 39 0 103 69 6 51 48 47 78 67
1 4 2 393 29 201 216 17 13
0 4 2 396 244 65 101 17 13
8 4 2 390 202 159 188 73 78
6 5 3 397 165 170 97 157 73 20 61
12 6 3 399 320 286 17 34 191 74 95 38
10 9 5 407 323 264 152 145 220 209 112 297 74 95 7 5 96
0 8 4 401 48 110 250 62 208 346 19 73 75 5 96
6 10 4 420 239 299 283 81 92 335 175 311 314 48 51 21 96
17 4 2 8 133 190 316 73 18
16 6 3 160 6 69 103 163 258 76 78 47
13 4 2 169 189 172 321 46 88
0 4 1 178 85 90 292 58
2 4 1 141 51 191 231 72
0 6 3 12 175 220 145 152 318 5 7 95
19 8 3 14 347 116 156 73 266 237 17 59 42 95
10 7 5 187 295 205 226 327 40 34 4 16 93 66 87
3 6 2 221 209 143 24 150 158 5 32
13 4 2 103 360 162 53 78 51
10 4 2 306 204 88 86 79 54
12 5 3 263 150 273 332 41 32 23 46
17 4 1 37 203 171 177 86
6 5 4 163 131 64 427 421 40 33 89 65
5 5 3 367 139 168 187 276 53 15 19
5 7 2 373 164 2 109 85 254 30 44 70
18 3 2 103 188 101 78 72
5 4 3 163 90 15 201 40 58 17
15 5 1 263 258 270 350 74 95
13 4 2 0 239 29 65 48 17
6 4 2 113 27 169 221 60 46
15 5 2 256 5 111 363 208 28 5
16 5 2 99 251 250 313 209 28 5
11 5 2 246 354 257 322 175 28 5
17 8 4 382 59 114 196 148 290 247 224 94 36 15 97
6 8 4 352 385 13 60 73 156 178 12 94 64 61 37
9 7 3 365 380 243 1 15 128 151 94 36 58
19 7 4 422 426 398 166 356 39 442 68 71 10 73
11 2 0 165 16
8 4 2 96 135 29 320 14 73
8 4 2 170 142 56 265 42 95
10 6 2 75 46 372 5 7 70 68 26
11 5 1 132 122 251 307 278 26
16 4 2 225 211 244 323 31 17
15 5 4 222 18 1 130 286 31 17 36 95
19 7 3 402 425 182 134 158 321 264 68 38 95
14 7 5 4 262 38 428 93 181 36 31 86 90 8 95
8 4 2 227 148 187 276 15 19
1 7 2 76 149 82 109 85 254 347 27 37
14 7 3 301 45 124 204 87 78 105 79 54 35
1 5 2 67 104 189 169 14 88 46
15 7 3 315 186 285 410 413 331 30 0 56 63
2 7 3 240 44 223 168 31 374 303 53 15 63
1 4 1 246 354 372 132 28
13 2 0 221 224
13 2 0 12 151
11 5 3 208 311 267 216 302 96 72 13
2 5 2 219 202 244 201 334 17 13
17 5 3 200 218 211 65 349 31 17 13
7 5 1 305 257 372 210 155 9
8 5 2 230 190 316 101 348 57 13
13 5 3 11 38 206 280 344 86 90 8
0 5 1 363 111 122 127 242 9
17 6 3 143 145 152 238 74 72 7 95 13
4 6 4 175 221 187 168 232 261 19 15 53 1
11 5 3 12 187 168 139 312 15 53 1
12 4 2 112 314 101 302 72 13
2 4 2 311 297 216 349 72 13
14 5 3 151 128 217 65 72 58 17 13
13 7 3 346 19 157 125 223 232 242 57 53 1
16 6 3 208 230 133 29 201 334 18 17 13
14 5 2 221 169 27 252 348 46 13
11 6 2 209 305 111 372 210 155 5 9
3 6 4 175 11 38 428 336 344 5 86 90 8
19 8 3 224 247 63 148 44 107 277 261 4 53 1
12 5 3 185 434 235 304 339 86 24 66
10 4 1 2 82 149 315 27
17 4 2 173 40 49 301 66 24
1 5 1 368 84 223 44 227 81
17 4 2 439 207 281 337 66 24
0 6 3 164 54 359 274 104 240 69 98 88
18 6 3 154 52 166 124 234 341 45 10 24
7 4 1 364 204 88 274 54
9 5 3 0 263 150 273 293 47 32 23
15 4 2 299 237 172 253 42 95
10 6 2 326 266 60 153 214 77 36 69
14 5 2 239 244 201 123 129 17 13
12 5 3 39 202 24 23 195 18 32 23
15 6 3 167 166 52 25 54 359 10 45 69
2 6 4 121 56 130 296 21 325 42 95 36 69
10 4 1 84 25 106 213 45
10 5 3 139 127 431 259 32 1 27 90
16 5 2 277 312 344 108 26 1 3
8 5 2 232 261 349 252 236 1 3
12 6 4 107 284 136 378 228 268 49 29 65 89
0 6 4 223 35 288 421 184 269 49 29 65 89
19 6 4 215 233 229 389 427 343 49 29 65 89
15 8 5 168 295 205 192 354 42 275 180 4 16 41 33 89
7 5 4 282 281 149 259 249 66 24 27 90
18 6 4 118 328 45 171 38 32 66 52 86 90
10 5 3 241 192 256 113 236 16 28 83
19 6 3 327 40 173 154 106 213 66 44 45
6 6 2 339 207 191 216 108 26 66 72
19 9 6 95 205 290 187 169 41 366 184 180 16 15 19 29 65 89
11 8 7 226 91 22 128 90 131 275 269 16 4 97 58 40 33 89
13 8 4 351 304 186 61 257 42 64 343 66 41 33 89
1 3 2 40 282 95 66 93
19 6 4 231 318 265 70 7 192 38 95 74 26
1 3 2 207 339 241 66 93
1 6 3 191 267 311 151 22 91 25 97 4
4 7 5 173 2 82 149 304 118 226 44 27 24 66 93
14 8 4 439 368 373 370 139 168 248 205 44 1 53 4
4 3 0 61 176 146
19 2 0 250 122
2 2 0 111 372
7 5 0 161 87 319 260 182
5 5 0 257 110 3 82 431
15 7 4 313 220 190 125 215 277 210 18 57 53 1
12 8 5 363 143 145 300 415 223 232 127 18 50 91 53 1
19 5 2 322 200 218 4 132 86 31
9 6 4 62 11 185 222 75 46 86 31 20 68
4 6 3 305 230 202 165 402 425 18 20 68
6 7 4 265 442 133 159 138 83 445 73 78 51 32
16 3 1 172 253 293 98
19 4 3 152 145 24 23 7 18 32
7 4 3 130 33 432 333 36 60 46
6 5 2 289 74 123 129 195 13 98
10 4 1 270 279 150 273 32
4 6 2 350 93 119 108 27 199 60 46
6 7 5 321 34 40 49 186 441 332 38 87 66 0 46
4 6 3 56 326 364 197 87 102 42 79 54
8 7 3 237 283 437 162 53 41 298 51 29 46
12 4 0 310 137 149 234
8 2 1 197 124 79
16 2 1 204 203 79
17 5 1 88 104 227 315 45 62
8 5 2 87 345 198 177 171 39 86
0 5 3 47 245 174 38 434 27 90 86
7 3 1 329 86 123 88
1 5 3 435 177 212 211 65 86 31 17
6 4 2 430 41 432 252 29 46
11 5 2 80 102 298 27 108 23 46
10 7 6 198 378 228 343 249 206 336 29 65 89 30 90 8
2 7 3 377 161 322 209 112 444 101 5 96 72
17 7 3 345 87 294 245 259 147 291 27 90 8
7 6 3 119 348 261 232 168 295 3 1 53
4 5 3 280 65 217 128 247 17 58 97
10 5 1 291 123 104 148 290 88
15 6 2 336 101 297 346 224 22 25 97
2 6 4 271 181 152 126 192 91 95 7 28 16
9 7 4 147 38 200 208 12 187 63 90 86 5 19
11 7 6 206 174 149 281 351 95 205 90 27 24 66 93 16
19 8 5 93 74 108 27 176 287 383 248 6 60 46 0 56
15 8 2 443 69 103 306 203 234 301 240 78 24
12 3 1 141 187 148 15
18 4 1 51 157 125 44 57
11 4 3 160 169 189 104 19 46 88
0 5 2 6 50 217 1 196 17 36
14 8 4 100 346 208 11 434 235 76 67 25 96 5 24
3 7 3 357 297 191 40 49 315 227 25 66 24
12 2 1 294 204 54
18 2 1 319 197 54
8 4 0 245 149 235 203
3 4 0 137 134 163 37
10 6 2 69 159 230 313 61 28 5 0
7 5 1 50 128 22 290 410 97
14 4 1 6 160 187 386 19
